/global/homes/k/krach/.bashrc.ext: line 54: a: command not found
/global/homes/k/krach/.bashrc.ext: line 62: bind: warning: line editing not enabled
/global/homes/k/krach/.bashrc.ext: line 63: bind: warning: line editing not enabled
Using TensorFlow backend.
Traceback (most recent call last):
  File "train_dcgan_on_cori.py", line 1, in <module>
    from forse.networks.dcgan import *
  File "/global/u1/k/krach/usr/ForSE/forse/networks/__init__.py", line 1, in <module>
    from .dcgan import DCGAN
  File "/global/u1/k/krach/usr/ForSE/forse/networks/dcgan.py", line 4, in <module>
    from keras.models import Sequential, Model, load_model
  File "/global/homes/k/krach/usr/python_prefix_3.7/lib/python3.7/site-packages/keras/__init__.py", line 3, in <module>
    from . import utils
  File "/global/homes/k/krach/usr/python_prefix_3.7/lib/python3.7/site-packages/keras/utils/__init__.py", line 6, in <module>
    from . import conv_utils
  File "/global/homes/k/krach/usr/python_prefix_3.7/lib/python3.7/site-packages/keras/utils/conv_utils.py", line 9, in <module>
    from .. import backend as K
  File "/global/homes/k/krach/usr/python_prefix_3.7/lib/python3.7/site-packages/keras/backend/__init__.py", line 1, in <module>
    from .load_backend import epsilon
  File "/global/homes/k/krach/usr/python_prefix_3.7/lib/python3.7/site-packages/keras/backend/load_backend.py", line 90, in <module>
    from .tensorflow_backend import *
  File "/global/homes/k/krach/usr/python_prefix_3.7/lib/python3.7/site-packages/keras/backend/tensorflow_backend.py", line 5, in <module>
    import tensorflow as tf
ModuleNotFoundError: No module named 'tensorflow'
srun: error: cgpu18: task 0: Exited with exit code 1
srun: Terminating job step 450227.0
